<?xml version="1.0" encoding="UTF-8"?>
<!-- Generated by org.testng.reporters.JUnitReportReporter -->
<testsuite hostname="DESKTOP-45GLCF8" name="appium.Calculator" tests="3" failures="0" timestamp="26 Mar 2019 06:51:18 GMT" time="6.853" errors="0">
  <testcase name="Test02_checkHistoryTabIsPresent" time="0.059" classname="appium.Calculator"/>
  <testcase name="Test01_checkSum" time="3.509" classname="appium.Calculator"/>
  <testcase name="Test03_checkCButtonClearsInput" time="3.285" classname="appium.Calculator"/>
</testsuite> <!-- appium.Calculator -->
